mode: set
github.com/EdgarOrtegaRamirez/bytepatch/pkg/diff/myers.go:23.33,24.11 1 0
github.com/EdgarOrtegaRamirez/bytepatch/pkg/diff/myers.go:25.15,26.17 1 0
github.com/EdgarOrtegaRamirez/bytepatch/pkg/diff/myers.go:27.16,28.18 1 0
github.com/EdgarOrtegaRamirez/bytepatch/pkg/diff/myers.go:29.16,30.18 1 0
github.com/EdgarOrtegaRamirez/bytepatch/pkg/diff/myers.go:31.10,32.19 1 0
github.com/EdgarOrtegaRamirez/bytepatch/pkg/diff/myers.go:52.41,54.27 2 1
github.com/EdgarOrtegaRamirez/bytepatch/pkg/diff/myers.go:54.27,55.49 1 1
github.com/EdgarOrtegaRamirez/bytepatch/pkg/diff/myers.go:55.49,57.4 1 1
github.com/EdgarOrtegaRamirez/bytepatch/pkg/diff/myers.go:59.2,59.13 1 1
github.com/EdgarOrtegaRamirez/bytepatch/pkg/diff/myers.go:63.39,65.27 2 1
github.com/EdgarOrtegaRamirez/bytepatch/pkg/diff/myers.go:65.27,66.25 1 1
github.com/EdgarOrtegaRamirez/bytepatch/pkg/diff/myers.go:66.25,68.4 1 1
github.com/EdgarOrtegaRamirez/bytepatch/pkg/diff/myers.go:70.2,70.14 1 1
github.com/EdgarOrtegaRamirez/bytepatch/pkg/diff/myers.go:74.47,76.36 2 1
github.com/EdgarOrtegaRamirez/bytepatch/pkg/diff/myers.go:76.36,78.3 1 1
github.com/EdgarOrtegaRamirez/bytepatch/pkg/diff/myers.go:79.2,79.19 1 1
github.com/EdgarOrtegaRamirez/bytepatch/pkg/diff/myers.go:79.19,82.3 2 1
github.com/EdgarOrtegaRamirez/bytepatch/pkg/diff/myers.go:83.2,83.19 1 1
github.com/EdgarOrtegaRamirez/bytepatch/pkg/diff/myers.go:83.19,86.3 2 1
github.com/EdgarOrtegaRamirez/bytepatch/pkg/diff/myers.go:89.2,89.44 1 1
github.com/EdgarOrtegaRamirez/bytepatch/pkg/diff/myers.go:89.44,92.3 2 1
github.com/EdgarOrtegaRamirez/bytepatch/pkg/diff/myers.go:95.2,96.15 2 0
github.com/EdgarOrtegaRamirez/bytepatch/pkg/diff/myers.go:101.46,105.20 3 1
github.com/EdgarOrtegaRamirez/bytepatch/pkg/diff/myers.go:105.20,107.3 1 1
github.com/EdgarOrtegaRamirez/bytepatch/pkg/diff/myers.go:109.2,109.26 1 1
github.com/EdgarOrtegaRamirez/bytepatch/pkg/diff/myers.go:109.26,110.27 1 1
github.com/EdgarOrtegaRamirez/bytepatch/pkg/diff/myers.go:110.27,111.28 1 1
github.com/EdgarOrtegaRamirez/bytepatch/pkg/diff/myers.go:111.28,113.5 1 1
github.com/EdgarOrtegaRamirez/bytepatch/pkg/diff/myers.go:113.10,113.39 1 1
github.com/EdgarOrtegaRamirez/bytepatch/pkg/diff/myers.go:113.39,115.5 1 1
github.com/EdgarOrtegaRamirez/bytepatch/pkg/diff/myers.go:115.10,117.5 1 1
github.com/EdgarOrtegaRamirez/bytepatch/pkg/diff/myers.go:121.2,123.21 3 1
github.com/EdgarOrtegaRamirez/bytepatch/pkg/diff/myers.go:123.21,124.45 1 1
github.com/EdgarOrtegaRamirez/bytepatch/pkg/diff/myers.go:124.45,126.47 2 1
github.com/EdgarOrtegaRamirez/bytepatch/pkg/diff/myers.go:126.47,130.5 3 1
github.com/EdgarOrtegaRamirez/bytepatch/pkg/diff/myers.go:131.4,131.70 1 1
github.com/EdgarOrtegaRamirez/bytepatch/pkg/diff/myers.go:132.9,132.59 1 1
github.com/EdgarOrtegaRamirez/bytepatch/pkg/diff/myers.go:132.59,135.4 2 1
github.com/EdgarOrtegaRamirez/bytepatch/pkg/diff/myers.go:135.9,138.4 2 1
github.com/EdgarOrtegaRamirez/bytepatch/pkg/diff/myers.go:141.2,141.52 1 1
github.com/EdgarOrtegaRamirez/bytepatch/pkg/diff/myers.go:141.52,143.3 1 1
github.com/EdgarOrtegaRamirez/bytepatch/pkg/diff/myers.go:145.2,145.22 1 1
github.com/EdgarOrtegaRamirez/bytepatch/pkg/diff/myers.go:151.51,157.30 4 0
github.com/EdgarOrtegaRamirez/bytepatch/pkg/diff/myers.go:157.30,159.3 1 0
github.com/EdgarOrtegaRamirez/bytepatch/pkg/diff/myers.go:162.2,166.30 3 0
github.com/EdgarOrtegaRamirez/bytepatch/pkg/diff/myers.go:166.30,167.44 1 0
github.com/EdgarOrtegaRamirez/bytepatch/pkg/diff/myers.go:167.44,168.32 1 0
github.com/EdgarOrtegaRamirez/bytepatch/pkg/diff/myers.go:168.32,169.20 1 0
github.com/EdgarOrtegaRamirez/bytepatch/pkg/diff/myers.go:169.20,172.11 3 0
github.com/EdgarOrtegaRamirez/bytepatch/pkg/diff/myers.go:179.2,186.28 5 0
github.com/EdgarOrtegaRamirez/bytepatch/pkg/diff/myers.go:186.28,192.53 4 0
github.com/EdgarOrtegaRamirez/bytepatch/pkg/diff/myers.go:192.53,198.26 4 0
github.com/EdgarOrtegaRamirez/bytepatch/pkg/diff/myers.go:198.26,199.64 1 0
github.com/EdgarOrtegaRamirez/bytepatch/pkg/diff/myers.go:199.64,201.6 1 0
github.com/EdgarOrtegaRamirez/bytepatch/pkg/diff/myers.go:203.4,203.32 1 0
github.com/EdgarOrtegaRamirez/bytepatch/pkg/diff/myers.go:207.3,210.35 3 0
github.com/EdgarOrtegaRamirez/bytepatch/pkg/diff/myers.go:214.2,214.52 1 0
github.com/EdgarOrtegaRamirez/bytepatch/pkg/diff/myers.go:214.52,218.26 4 0
github.com/EdgarOrtegaRamirez/bytepatch/pkg/diff/myers.go:218.26,219.65 1 0
github.com/EdgarOrtegaRamirez/bytepatch/pkg/diff/myers.go:219.65,221.5 1 0
github.com/EdgarOrtegaRamirez/bytepatch/pkg/diff/myers.go:223.3,223.32 1 0
github.com/EdgarOrtegaRamirez/bytepatch/pkg/diff/myers.go:226.2,226.22 1 0
github.com/EdgarOrtegaRamirez/bytepatch/pkg/diff/myers.go:242.41,250.20 2 0
github.com/EdgarOrtegaRamirez/bytepatch/pkg/diff/myers.go:250.20,252.3 1 0
github.com/EdgarOrtegaRamirez/bytepatch/pkg/diff/myers.go:254.2,258.33 4 0
github.com/EdgarOrtegaRamirez/bytepatch/pkg/diff/myers.go:258.33,262.103 3 0
github.com/EdgarOrtegaRamirez/bytepatch/pkg/diff/myers.go:262.103,270.4 3 0
github.com/EdgarOrtegaRamirez/bytepatch/pkg/diff/myers.go:274.2,274.23 1 0
github.com/EdgarOrtegaRamirez/bytepatch/pkg/diff/myers.go:274.23,282.3 3 0
github.com/EdgarOrtegaRamirez/bytepatch/pkg/diff/myers.go:284.2,284.15 1 0
github.com/EdgarOrtegaRamirez/bytepatch/pkg/diff/myers.go:300.60,309.36 3 0
github.com/EdgarOrtegaRamirez/bytepatch/pkg/diff/myers.go:309.36,311.3 1 0
github.com/EdgarOrtegaRamirez/bytepatch/pkg/diff/myers.go:312.2,312.10 1 0
github.com/EdgarOrtegaRamirez/bytepatch/pkg/diff/myers.go:315.42,316.14 1 0
github.com/EdgarOrtegaRamirez/bytepatch/pkg/diff/myers.go:316.14,320.3 2 0
github.com/EdgarOrtegaRamirez/bytepatch/pkg/diff/myers.go:320.8,320.28 1 0
github.com/EdgarOrtegaRamirez/bytepatch/pkg/diff/myers.go:320.28,322.3 1 0
github.com/EdgarOrtegaRamirez/bytepatch/pkg/diff/myers.go:324.2,327.21 4 0
github.com/EdgarOrtegaRamirez/bytepatch/pkg/diff/myers.go:327.21,329.3 1 0
github.com/EdgarOrtegaRamirez/bytepatch/pkg/diff/myers.go:332.36,336.26 4 0
github.com/EdgarOrtegaRamirez/bytepatch/pkg/diff/myers.go:336.26,338.3 1 0
github.com/EdgarOrtegaRamirez/bytepatch/pkg/diff/myers.go:342.35,343.36 1 0
github.com/EdgarOrtegaRamirez/bytepatch/pkg/diff/myers.go:343.36,344.69 1 0
github.com/EdgarOrtegaRamirez/bytepatch/pkg/diff/myers.go:344.69,346.4 1 0
github.com/EdgarOrtegaRamirez/bytepatch/pkg/diff/myers.go:351.38,352.19 1 1
github.com/EdgarOrtegaRamirez/bytepatch/pkg/diff/myers.go:352.19,354.3 1 0
github.com/EdgarOrtegaRamirez/bytepatch/pkg/diff/myers.go:355.2,356.32 2 1
github.com/EdgarOrtegaRamirez/bytepatch/pkg/diff/myers.go:356.32,358.10 2 1
github.com/EdgarOrtegaRamirez/bytepatch/pkg/diff/myers.go:359.99,360.32 1 0
github.com/EdgarOrtegaRamirez/bytepatch/pkg/diff/myers.go:361.101,362.32 1 1
github.com/EdgarOrtegaRamirez/bytepatch/pkg/diff/myers.go:363.57,365.32 2 1
github.com/EdgarOrtegaRamirez/bytepatch/pkg/diff/myers.go:366.11,367.35 1 1
github.com/EdgarOrtegaRamirez/bytepatch/pkg/diff/myers.go:370.2,370.15 1 1
github.com/EdgarOrtegaRamirez/bytepatch/pkg/diff/myers.go:374.57,376.25 2 1
github.com/EdgarOrtegaRamirez/bytepatch/pkg/diff/myers.go:376.25,377.18 1 1
github.com/EdgarOrtegaRamirez/bytepatch/pkg/diff/myers.go:378.16,379.55 1 1
github.com/EdgarOrtegaRamirez/bytepatch/pkg/diff/myers.go:379.55,381.5 1 1
github.com/EdgarOrtegaRamirez/bytepatch/pkg/diff/myers.go:382.4,382.66 1 1
github.com/EdgarOrtegaRamirez/bytepatch/pkg/diff/myers.go:383.17,384.55 1 1
github.com/EdgarOrtegaRamirez/bytepatch/pkg/diff/myers.go:384.55,386.5 1 0
github.com/EdgarOrtegaRamirez/bytepatch/pkg/diff/myers.go:387.17,388.39 1 1
github.com/EdgarOrtegaRamirez/bytepatch/pkg/diff/myers.go:391.2,391.20 1 1
github.com/EdgarOrtegaRamirez/bytepatch/pkg/diff/myers.go:394.34,398.2 3 1
